<?xml version="1.0" encoding="UTF-8"?>
<!-- Generated by org.testng.reporters.JUnitXMLReporter -->
<testsuite ignored="0" hostname="LAPTOP-V8Q69O7J" failures="0" tests="6" name="SauceDemoAutomation" time="25.543" errors="0" timestamp="2025-01-07T07:34:37 IST">
  <testcase classname="base.SauceDemoAutomation" name="login_page" time="6.941"/>
  <testcase classname="base.SauceDemoAutomation" name="product_page" time="4.331"/>
  <testcase classname="base.SauceDemoAutomation" name="shopping_page" time="1.701"/>
  <testcase classname="base.SauceDemoAutomation" name="checkout_information" time="0.986"/>
  <testcase classname="base.SauceDemoAutomation" name="checkout_overview" time="0.432"/>
  <testcase classname="base.SauceDemoAutomation" name="checkout_completed" time="5.589"/>
</testsuite> <!-- SauceDemoAutomation -->
