<?xml version="1.0" encoding="UTF-8"?>
<!-- Generated by org.testng.reporters.JUnitXMLReporter -->
<testsuite ignored="0" hostname="LAPTOP-V8Q69O7J" failures="0" tests="6" name="SauceDemoAutomation" time="8.884" errors="0" timestamp="2024-12-25T14:32:57 IST">
  <testcase classname="base.SauceDemoAutomation" name="login_page" time="1.774"/>
  <testcase classname="base.SauceDemoAutomation" name="product_page" time="1.154"/>
  <testcase classname="base.SauceDemoAutomation" name="shopping_page" time="0.366"/>
  <testcase classname="base.SauceDemoAutomation" name="checkout_information" time="0.557"/>
  <testcase classname="base.SauceDemoAutomation" name="checkout_overview" time="0.439"/>
  <testcase classname="base.SauceDemoAutomation" name="checkout_completed" time="0.569"/>
</testsuite> <!-- SauceDemoAutomation -->
